<?xml version="1.0" encoding="UTF-8"?>
<!-- Generated by org.testng.reporters.JUnitReportReporter -->
<testsuite hostname="LAPTOP-JASVJJ2C" name="com.testings.TestngDemo" tests="1" failures="0" timestamp="28 Sep 2019 07:17:08 GMT" time="0.001" errors="0">
  <testcase name="testMethod" time="0.001" classname="com.testings.TestngDemo"/>
</testsuite> <!-- com.testings.TestngDemo -->
