<?xml version="1.0" encoding="UTF-8"?>
<!-- Generated by org.testng.reporters.JUnitReportReporter -->
<testsuite hostname="LAPTOP-JASVJJ2C" name="com.flipkart.Flipkart" tests="3" failures="0" timestamp="28 Sep 2019 07:17:08 GMT" time="27.724" errors="0">
  <testcase name="browser" time="7.409" classname="com.flipkart.Flipkart"/>
  <testcase name="cart" time="19.374" classname="com.flipkart.Flipkart"/>
  <testcase name="login" time="0.941" classname="com.flipkart.Flipkart"/>
</testsuite> <!-- com.flipkart.Flipkart -->
